<?xml version="1.0" encoding="UTF-8"?>
<testng-results ignored="0" total="1" passed="1" failed="0" skipped="0">
  <reporter-output>
  </reporter-output>
  <suite started-at="2022-04-05T07:24:52 IST" name="Default suite" finished-at="2022-04-05T07:25:08 IST" duration-ms="15319">
    <groups>
    </groups>
    <test started-at="2022-04-05T07:24:52 IST" name="Default test" finished-at="2022-04-05T07:25:08 IST" duration-ms="15319">
      <class name="tests.OrangeHRMTest">
        <test-method signature="titleTest()[pri:0, instance:tests.OrangeHRMTest@5b03b9fe]" started-at="2022-04-05T07:24:52 IST" name="titleTest" finished-at="2022-04-05T07:25:08 IST" duration-ms="15286" status="PASS">
          <reporter-output>
          </reporter-output>
        </test-method> <!-- titleTest -->
      </class> <!-- tests.OrangeHRMTest -->
    </test> <!-- Default test -->
  </suite> <!-- Default suite -->
</testng-results>
